<?xml version="1.0" encoding="UTF-8" ?>
<testsuite tests="4" failures="2" name="TestSuite" time="105.302" errors="0" skipped="0">
  <properties>
[...]
</properties>
  <testcase classname="StewartSeedTestCase1.mainTestCase" name="login" time="14.114"/>
  <testcase classname="StewartSeedTestCase1.mainTestCase" name="navigatingTabs" time="83.073">
    <failure message="unknown error: Element &lt;a href=&quot;https://eservices-t.stewartseeds.com:443/irj/portal/stewartseeds?NavigationTarget=navurl://851fe6001fb7550d4434823a67846890&amp;amp;InitialNodeFirstLevel=true&quot; target=&quot;_top&quot; class=&quot;unChosenOnLevel1&quot;&gt;...&lt;/a&gt; is not clickable at point (372, 62). Other element would receive the click: &lt;div id=&quot;gdam_TableCloth&quot; style=&quot;top: 0px; left: 0px; height: 980px; width: 100%; overflow: hidden; display: block; opacity: 0;&quot;&gt;...&lt;/div&gt;
  (Session info: chrome=54.0.2840.59)
  (Driver info: chromedriver=2.27.440174 (e97a722caafc2d3a8b807ee115bfb307f7d2cfd9),platform=Windows NT 6.1.7601 SP1 x86_64) (WARNING: The server did not provide any stacktrace information)
Command duration or timeout: 914 milliseconds
Build info: version: &apos;3.2.0&apos;, revision: &apos;8c03df6b79&apos;, time: &apos;2017-02-23 10:51:31 +0000&apos;
System info: host: &apos;R9024795&apos;, ip: &apos;10.30.174.137&apos;, os.name: &apos;Windows 7&apos;, os.arch: &apos;amd64&apos;, os.version: &apos;6.1&apos;, java.version: &apos;1.8.0_121&apos;
Driver info: org.openqa.selenium.chrome.ChromeDriver
Capabilities [{applicationCacheEnabled=false, rotatable=false, mobileEmulationEnabled=false, networkConnectionEnabled=false, chrome={chromedriverVersion=2.27.440174 (e97a722caafc2d3a8b807ee115bfb307f7d2cfd9), userDataDir=C:\Users\ptula\AppData\Local\Temp\scoped_dir14396_24888}, takesHeapSnapshot=true, pageLoadStrategy=normal, databaseEnabled=false, handlesAlerts=true, hasTouchScreen=false, version=54.0.2840.59, platform=XP, browserConnectionEnabled=false, nativeEvents=true, acceptSslCerts=true, locationContextEnabled=true, webStorageEnabled=true, browserName=chrome, takesScreenshot=true, javascriptEnabled=true, cssSelectorsEnabled=true, unexpectedAlertBehaviour=}]
Session ID: 4e628dd8d3ce843d913a139f54539b3d" type="org.openqa.selenium.WebDriverException">org.openqa.selenium.WebDriverException: unknown error: Element &lt;a href=&quot;https://eservices-t.stewartseeds.com:443/irj/portal/stewartseeds?NavigationTarget=navurl://851fe6001fb7550d4434823a67846890&amp;amp;InitialNodeFirstLevel=true&quot; target=&quot;_top&quot; class=&quot;unChosenOnLevel1&quot;&gt;...&lt;/a&gt; is not clickable at point (372, 62). Other element would receive the click: &lt;div id=&quot;gdam_TableCloth&quot; style=&quot;top: 0px; left: 0px; height: 980px; width: 100%; overflow: hidden; display: block; opacity: 0;&quot;&gt;...&lt;/div&gt;
  (Session info: chrome=54.0.2840.59)
  (Driver info: chromedriver=2.27.440174 (e97a722caafc2d3a8b807ee115bfb307f7d2cfd9),platform=Windows NT 6.1.7601 SP1 x86_64) (WARNING: The server did not provide any stacktrace information)
Command duration or timeout: 914 milliseconds
Build info: version: &apos;3.2.0&apos;, revision: &apos;8c03df6b79&apos;, time: &apos;2017-02-23 10:51:31 +0000&apos;
System info: host: &apos;R9024795&apos;, ip: &apos;10.30.174.137&apos;, os.name: &apos;Windows 7&apos;, os.arch: &apos;amd64&apos;, os.version: &apos;6.1&apos;, java.version: &apos;1.8.0_121&apos;
Driver info: org.openqa.selenium.chrome.ChromeDriver
Capabilities [{applicationCacheEnabled=false, rotatable=false, mobileEmulationEnabled=false, networkConnectionEnabled=false, chrome={chromedriverVersion=2.27.440174 (e97a722caafc2d3a8b807ee115bfb307f7d2cfd9), userDataDir=C:\Users\ptula\AppData\Local\Temp\scoped_dir14396_24888}, takesHeapSnapshot=true, pageLoadStrategy=normal, databaseEnabled=false, handlesAlerts=true, hasTouchScreen=false, version=54.0.2840.59, platform=XP, browserConnectionEnabled=false, nativeEvents=true, acceptSslCerts=true, locationContextEnabled=true, webStorageEnabled=true, browserName=chrome, takesScreenshot=true, javascriptEnabled=true, cssSelectorsEnabled=true, unexpectedAlertBehaviour=}]
Session ID: 4e628dd8d3ce843d913a139f54539b3d
	at sun.reflect.NativeConstructorAccessorImpl.newInstance0(Native Method)
	at sun.reflect.NativeConstructorAccessorImpl.newInstance(NativeConstructorAccessorImpl.java:62)
	at sun.reflect.DelegatingConstructorAccessorImpl.newInstance(DelegatingConstructorAccessorImpl.java:45)
	at java.lang.reflect.Constructor.newInstance(Constructor.java:423)
	at org.openqa.selenium.remote.ErrorHandler.createThrowable(ErrorHandler.java:216)
	at org.openqa.selenium.remote.ErrorHandler.throwIfResponseFailed(ErrorHandler.java:168)
	at org.openqa.selenium.remote.RemoteWebDriver.execute(RemoteWebDriver.java:638)
	at org.openqa.selenium.remote.RemoteWebElement.execute(RemoteWebElement.java:274)
	at org.openqa.selenium.remote.RemoteWebElement.click(RemoteWebElement.java:84)
	at StewartSeedTestCase1.MultipleTabPageFactory.clickOnReportTab(MultipleTabPageFactory.java:170)
	at StewartSeedTestCase1.mainTestCase.navigatingTabs(mainTestCase.java:107)
</failure>
    <system-out>Customers &amp; Orders - SAP NetWeaver Portal
Dealer Order - SAP NetWeaver Portal
Inventory - SAP NetWeaver Portal
</system-out>
  </testcase>
  <testcase classname="StewartSeedTestCase1.mainTestCase" name="logoff" time="0.087">
    <failure message="unknown error: Element &lt;span ct=&quot;TextView&quot; class=&quot;urTxtStd&quot; style=&quot;white-space:nowrap;&quot;&gt;...&lt;/span&gt; is not clickable at point (688, 18). Other element would receive the click: &lt;div id=&quot;gdam_TableCloth&quot; style=&quot;top: 0px; left: 0px; height: 980px; width: 100%; overflow: hidden; display: block; opacity: 0;&quot;&gt;...&lt;/div&gt;
  (Session info: chrome=54.0.2840.59)
  (Driver info: chromedriver=2.27.440174 (e97a722caafc2d3a8b807ee115bfb307f7d2cfd9),platform=Windows NT 6.1.7601 SP1 x86_64) (WARNING: The server did not provide any stacktrace information)
Command duration or timeout: 48 milliseconds
Build info: version: &apos;3.2.0&apos;, revision: &apos;8c03df6b79&apos;, time: &apos;2017-02-23 10:51:31 +0000&apos;
System info: host: &apos;R9024795&apos;, ip: &apos;10.30.174.137&apos;, os.name: &apos;Windows 7&apos;, os.arch: &apos;amd64&apos;, os.version: &apos;6.1&apos;, java.version: &apos;1.8.0_121&apos;
Driver info: org.openqa.selenium.chrome.ChromeDriver
Capabilities [{applicationCacheEnabled=false, rotatable=false, mobileEmulationEnabled=false, networkConnectionEnabled=false, chrome={chromedriverVersion=2.27.440174 (e97a722caafc2d3a8b807ee115bfb307f7d2cfd9), userDataDir=C:\Users\ptula\AppData\Local\Temp\scoped_dir14396_24888}, takesHeapSnapshot=true, pageLoadStrategy=normal, databaseEnabled=false, handlesAlerts=true, hasTouchScreen=false, version=54.0.2840.59, platform=XP, browserConnectionEnabled=false, nativeEvents=true, acceptSslCerts=true, locationContextEnabled=true, webStorageEnabled=true, browserName=chrome, takesScreenshot=true, javascriptEnabled=true, cssSelectorsEnabled=true, unexpectedAlertBehaviour=}]
Session ID: 4e628dd8d3ce843d913a139f54539b3d" type="org.openqa.selenium.WebDriverException">org.openqa.selenium.WebDriverException: unknown error: Element &lt;span ct=&quot;TextView&quot; class=&quot;urTxtStd&quot; style=&quot;white-space:nowrap;&quot;&gt;...&lt;/span&gt; is not clickable at point (688, 18). Other element would receive the click: &lt;div id=&quot;gdam_TableCloth&quot; style=&quot;top: 0px; left: 0px; height: 980px; width: 100%; overflow: hidden; display: block; opacity: 0;&quot;&gt;...&lt;/div&gt;
  (Session info: chrome=54.0.2840.59)
  (Driver info: chromedriver=2.27.440174 (e97a722caafc2d3a8b807ee115bfb307f7d2cfd9),platform=Windows NT 6.1.7601 SP1 x86_64) (WARNING: The server did not provide any stacktrace information)
Command duration or timeout: 48 milliseconds
Build info: version: &apos;3.2.0&apos;, revision: &apos;8c03df6b79&apos;, time: &apos;2017-02-23 10:51:31 +0000&apos;
System info: host: &apos;R9024795&apos;, ip: &apos;10.30.174.137&apos;, os.name: &apos;Windows 7&apos;, os.arch: &apos;amd64&apos;, os.version: &apos;6.1&apos;, java.version: &apos;1.8.0_121&apos;
Driver info: org.openqa.selenium.chrome.ChromeDriver
Capabilities [{applicationCacheEnabled=false, rotatable=false, mobileEmulationEnabled=false, networkConnectionEnabled=false, chrome={chromedriverVersion=2.27.440174 (e97a722caafc2d3a8b807ee115bfb307f7d2cfd9), userDataDir=C:\Users\ptula\AppData\Local\Temp\scoped_dir14396_24888}, takesHeapSnapshot=true, pageLoadStrategy=normal, databaseEnabled=false, handlesAlerts=true, hasTouchScreen=false, version=54.0.2840.59, platform=XP, browserConnectionEnabled=false, nativeEvents=true, acceptSslCerts=true, locationContextEnabled=true, webStorageEnabled=true, browserName=chrome, takesScreenshot=true, javascriptEnabled=true, cssSelectorsEnabled=true, unexpectedAlertBehaviour=}]
Session ID: 4e628dd8d3ce843d913a139f54539b3d
	at sun.reflect.NativeConstructorAccessorImpl.newInstance0(Native Method)
	at sun.reflect.NativeConstructorAccessorImpl.newInstance(NativeConstructorAccessorImpl.java:62)
	at sun.reflect.DelegatingConstructorAccessorImpl.newInstance(DelegatingConstructorAccessorImpl.java:45)
	at java.lang.reflect.Constructor.newInstance(Constructor.java:423)
	at org.openqa.selenium.remote.ErrorHandler.createThrowable(ErrorHandler.java:216)
	at org.openqa.selenium.remote.ErrorHandler.throwIfResponseFailed(ErrorHandler.java:168)
	at org.openqa.selenium.remote.RemoteWebDriver.execute(RemoteWebDriver.java:638)
	at org.openqa.selenium.remote.RemoteWebElement.execute(RemoteWebElement.java:274)
	at org.openqa.selenium.remote.RemoteWebElement.click(RemoteWebElement.java:84)
	at StewartSeedTestCase1.MultipleTabPageFactory.clickOnLogOffButton(MultipleTabPageFactory.java:299)
	at StewartSeedTestCase1.mainTestCase.logoff(mainTestCase.java:142)
</failure>
  </testcase>
  <testcase classname="com.Vision.testcase_StewartSeed.AppTest" name="testApp on testApp(com.Vision.testcase_StewartSeed.AppTest)" time="8.028"/>
</testsuite>