<?xml version="1.0" encoding="UTF-8"?>
<testng-results skipped="0" failed="0" ignored="0" total="1" passed="1">
  <reporter-output>
  </reporter-output>
  <suite name="Command line suite" duration-ms="6" started-at="2017-04-17T18:02:19Z" finished-at="2017-04-17T18:02:19Z">
    <groups>
    </groups>
    <test name="Command line test" duration-ms="6" started-at="2017-04-17T18:02:19Z" finished-at="2017-04-17T18:02:19Z">
      <class name="com.Vision.testcase_StewartSeed.AppTest">
        <test-method status="PASS" signature="testApp()[pri:0, instance:testApp(com.Vision.testcase_StewartSeed.AppTest)]" name="testApp" duration-ms="1" started-at="2017-04-17T13:02:19Z" finished-at="2017-04-17T13:02:19Z">
          <reporter-output>
          </reporter-output>
        </test-method> <!-- testApp -->
      </class> <!-- com.Vision.testcase_StewartSeed.AppTest -->
    </test> <!-- Command line test -->
  </suite> <!-- Command line suite -->
</testng-results>
